2026-01-06 01:50:28,094 INFO DRY-RUN POST /fapi/v1/order {'symbol': 'BTCUSDT', 'side': 'BUY', 'type': 'MARKET', 'quantity': 0.001, 'reduceOnly': 'false'} signed=True
2026-01-06 01:50:28,097 INFO Order response: {'orderId': 999999999, 'symbol': 'BTCUSDT', 'status': 'NEW', 'side': 'BUY', 'type': 'MARKET', 'origQty': 0.001, 'price': '', 'clientOrderId': 'streamlit-dryrun'}
2026-01-06 01:50:37,176 INFO DRY-RUN POST /fapi/v1/order {'symbol': 'BTCUSDT', 'side': 'SELL', 'type': 'MARKET', 'quantity': 0.051000000000000004, 'reduceOnly': 'false'} signed=True
2026-01-06 01:50:37,180 INFO Order response: {'orderId': 999999999, 'symbol': 'BTCUSDT', 'status': 'NEW', 'side': 'SELL', 'type': 'MARKET', 'origQty': 0.051000000000000004, 'price': '', 'clientOrderId': 'streamlit-dryrun'}
2026-01-06 01:50:46,299 INFO DRY-RUN POST /fapi/v1/order {'symbol': 'BTCUSDT', 'side': 'SELL', 'type': 'LIMIT', 'timeInForce': 'GTC', 'price': '89.0', 'quantity': 0.051000000000000004, 'reduceOnly': 'false'} signed=True
2026-01-06 01:50:46,303 INFO Order response: {'orderId': 999999999, 'symbol': 'BTCUSDT', 'status': 'NEW', 'side': 'SELL', 'type': 'LIMIT', 'origQty': 0.051000000000000004, 'price': '89.0', 'clientOrderId': 'streamlit-dryrun'}
2026-01-06 01:50:50,970 INFO DRY-RUN POST /fapi/v1/order {'symbol': 'BTCUSDT', 'side': 'SELL', 'type': 'LIMIT', 'timeInForce': 'GTC', 'price': '89.0', 'quantity': 0.051000000000000004, 'reduceOnly': 'false'} signed=True
2026-01-06 01:50:50,973 INFO Order response: {'orderId': 999999999, 'symbol': 'BTCUSDT', 'status': 'NEW', 'side': 'SELL', 'type': 'LIMIT', 'origQty': 0.051000000000000004, 'price': '89.0', 'clientOrderId': 'streamlit-dryrun'}
2026-01-06 01:50:51,842 INFO DRY-RUN POST /fapi/v1/order {'symbol': 'BTCUSDT', 'side': 'SELL', 'type': 'LIMIT', 'timeInForce': 'GTC', 'price': '89.0', 'quantity': 0.051000000000000004, 'reduceOnly': 'false'} signed=True
2026-01-06 01:50:51,844 INFO Order response: {'orderId': 999999999, 'symbol': 'BTCUSDT', 'status': 'NEW', 'side': 'SELL', 'type': 'LIMIT', 'origQty': 0.051000000000000004, 'price': '89.0', 'clientOrderId': 'streamlit-dryrun'}
2026-01-06 01:50:54,978 INFO DRY-RUN POST /fapi/v1/order {'symbol': 'BTCUSDT', 'side': 'SELL', 'type': 'STOP', 'timeInForce': 'GTC', 'price': '89.0', 'stopPrice': '77.0', 'quantity': 0.051000000000000004, 'reduceOnly': 'false'} signed=True
2026-01-06 01:50:54,978 INFO Order response: {'orderId': 999999999, 'symbol': 'BTCUSDT', 'status': 'NEW', 'side': 'SELL', 'type': 'STOP', 'origQty': 0.051000000000000004, 'price': '89.0', 'clientOrderId': 'streamlit-dryrun'}
2026-01-06 01:51:01,378 INFO DRY-RUN POST /fapi/v1/order {'symbol': 'BTCUSDT', 'side': 'SELL', 'type': 'STOP', 'timeInForce': 'GTC', 'price': '89.0', 'stopPrice': '77.0', 'quantity': 0.081, 'reduceOnly': 'false'} signed=True
2026-01-06 01:51:01,382 INFO Order response: {'orderId': 999999999, 'symbol': 'BTCUSDT', 'status': 'NEW', 'side': 'SELL', 'type': 'STOP', 'origQty': 0.081, 'price': '89.0', 'clientOrderId': 'streamlit-dryrun'}
2026-01-06 01:51:30,709 INFO DRY-RUN POST /fapi/v1/order {'symbol': 'BTCUSDT', 'side': 'BUY', 'type': 'STOP', 'timeInForce': 'GTC', 'price': '89.0', 'stopPrice': '77.0', 'quantity': 0.081, 'reduceOnly': 'false'} signed=True
2026-01-06 01:51:30,713 INFO Order response: {'orderId': 999999999, 'symbol': 'BTCUSDT', 'status': 'NEW', 'side': 'BUY', 'type': 'STOP', 'origQty': 0.081, 'price': '89.0', 'clientOrderId': 'streamlit-dryrun'}
2026-01-06 01:51:35,924 INFO DRY-RUN POST /fapi/v1/order {'symbol': 'BTCUSDT', 'side': 'BUY', 'type': 'STOP', 'timeInForce': 'GTC', 'price': '893.0', 'stopPrice': '773.0', 'quantity': 0.081, 'reduceOnly': 'false'} signed=True
2026-01-06 01:51:35,926 INFO Order response: {'orderId': 999999999, 'symbol': 'BTCUSDT', 'status': 'NEW', 'side': 'BUY', 'type': 'STOP', 'origQty': 0.081, 'price': '893.0', 'clientOrderId': 'streamlit-dryrun'}
2026-01-06 01:51:47,895 INFO DRY-RUN POST /fapi/v1/order {'symbol': 'BTCUSDT', 'side': 'BUY', 'type': 'LIMIT', 'timeInForce': 'GTC', 'price': '893.0', 'quantity': 0.081, 'reduceOnly': 'false'} signed=True
2026-01-06 01:51:47,898 INFO Order response: {'orderId': 999999999, 'symbol': 'BTCUSDT', 'status': 'NEW', 'side': 'BUY', 'type': 'LIMIT', 'origQty': 0.081, 'price': '893.0', 'clientOrderId': 'streamlit-dryrun'}
